        -:    0:Source:main.cpp
        -:    0:Programs:0
        -:    1:#include <iostream>
        -:    2:#include <string>
        -:    3:#include <limits>
        -:    4:#include "string_calculator.h"
        -:    5:
        -:    6:using std::cout, std::endl, std::cin;
        -:    7:using std::string;
        -:    8:
    #####:    9:int main() {
    #####:   10:    cout << "String Calculator" << endl;
    #####:   11:    cout << "\"q\" or \"quit\" or ctrl+d to exit" << endl;
        -:   12:    
        -:   13:    // TODO(student): implement the UI
        -:   14:
    #####:   15:  string lhs;
    #####:   16:  string rhs;
    #####:   17:  cout << "input lhs: " ;
    #####:   18:  cin >> lhs;
    #####:   19:  cout << "input rhs: ";
    #####:   20:  cin >> rhs;
    #####:   21:   cout << subtract(lhs,rhs);
        -:   22:
        -:   23:    
        -:   24:
    #####:   25:}
        -:   26:
